<?xml version="1.0" encoding="UTF-8"?>
<testng-results ignored="0" total="3" passed="3" failed="0" skipped="0">
  <reporter-output>
  </reporter-output>
  <suite started-at="2025-08-16T14:59:29 IST" name="Suite" finished-at="2025-08-16T14:59:40 IST" duration-ms="11428">
    <groups>
    </groups>
    <test started-at="2025-08-16T14:59:29 IST" name="Test" finished-at="2025-08-16T14:59:40 IST" duration-ms="11428">
      <class name="POM.TC03">
        <test-method is-config="true" signature="initBrowser()[pri:0, instance:POM.TC03@fbd1f6]" started-at="2025-08-16T14:59:29 IST" name="initBrowser" finished-at="2025-08-16T14:59:32 IST" duration-ms="3447" status="PASS">
          <reporter-output>
          </reporter-output>
        </test-method> <!-- initBrowser -->
        <test-method signature="tc3()[pri:0, instance:POM.TC03@fbd1f6]" started-at="2025-08-16T14:59:32 IST" name="tc3" finished-at="2025-08-16T14:59:33 IST" duration-ms="353" status="PASS">
          <reporter-output>
          </reporter-output>
        </test-method> <!-- tc3 -->
        <test-method is-config="true" signature="closeBrowser()[pri:0, instance:POM.TC03@fbd1f6]" started-at="2025-08-16T14:59:33 IST" name="closeBrowser" finished-at="2025-08-16T14:59:33 IST" duration-ms="269" status="PASS">
          <reporter-output>
          </reporter-output>
        </test-method> <!-- closeBrowser -->
      </class> <!-- POM.TC03 -->
      <class name="POM.TC01">
        <test-method is-config="true" signature="initBrowser()[pri:0, instance:POM.TC01@3c3d9b6b]" started-at="2025-08-16T14:59:33 IST" name="initBrowser" finished-at="2025-08-16T14:59:36 IST" duration-ms="3356" status="PASS">
          <reporter-output>
          </reporter-output>
        </test-method> <!-- initBrowser -->
        <test-method signature="tc1()[pri:0, instance:POM.TC01@3c3d9b6b]" started-at="2025-08-16T14:59:36 IST" name="tc1" finished-at="2025-08-16T14:59:36 IST" duration-ms="9" status="PASS">
          <reporter-output>
          </reporter-output>
        </test-method> <!-- tc1 -->
        <test-method is-config="true" signature="closeBrowser()[pri:0, instance:POM.TC01@3c3d9b6b]" started-at="2025-08-16T14:59:36 IST" name="closeBrowser" finished-at="2025-08-16T14:59:37 IST" duration-ms="241" status="PASS">
          <reporter-output>
          </reporter-output>
        </test-method> <!-- closeBrowser -->
      </class> <!-- POM.TC01 -->
      <class name="POM.TC02">
        <test-method is-config="true" signature="initBrowser()[pri:0, instance:POM.TC02@79d8407f]" started-at="2025-08-16T14:59:37 IST" name="initBrowser" finished-at="2025-08-16T14:59:40 IST" duration-ms="3542" status="PASS">
          <reporter-output>
          </reporter-output>
        </test-method> <!-- initBrowser -->
        <test-method signature="tc2()[pri:0, instance:POM.TC02@79d8407f]" started-at="2025-08-16T14:59:40 IST" name="tc2" finished-at="2025-08-16T14:59:40 IST" duration-ms="9" status="PASS">
          <reporter-output>
          </reporter-output>
        </test-method> <!-- tc2 -->
        <test-method is-config="true" signature="closeBrowser()[pri:0, instance:POM.TC02@79d8407f]" started-at="2025-08-16T14:59:40 IST" name="closeBrowser" finished-at="2025-08-16T14:59:40 IST" duration-ms="164" status="PASS">
          <reporter-output>
          </reporter-output>
        </test-method> <!-- closeBrowser -->
      </class> <!-- POM.TC02 -->
    </test> <!-- Test -->
  </suite> <!-- Suite -->
</testng-results>
